<?xml version="1.0" encoding="UTF-8"?>
<testng-results ignored="0" total="1" passed="1" failed="0" skipped="0">
  <reporter-output>
  </reporter-output>
  <suite started-at="2024-06-06T16:43:59 IST" name="Default suite" finished-at="2024-06-06T16:44:22 IST" duration-ms="23377">
    <groups>
    </groups>
    <test started-at="2024-06-06T16:43:59 IST" name="Default test" finished-at="2024-06-06T16:44:22 IST" duration-ms="23377">
      <class name="shree.com.appium.AppiumBasics">
        <test-method is-config="true" signature="configureAppium()[pri:0, instance:shree.com.appium.AppiumBasics@58d75e99]" started-at="2024-06-06T16:43:59 IST" name="configureAppium" finished-at="2024-06-06T16:44:11 IST" duration-ms="12120" status="PASS">
          <reporter-output>
          </reporter-output>
        </test-method> <!-- configureAppium -->
        <test-method signature="WifiSettings()[pri:0, instance:shree.com.appium.AppiumBasics@58d75e99]" started-at="2024-06-06T16:44:11 IST" name="WifiSettings" finished-at="2024-06-06T16:44:21 IST" duration-ms="9455" status="PASS">
          <reporter-output>
          </reporter-output>
        </test-method> <!-- WifiSettings -->
        <test-method is-config="true" signature="tearDown()[pri:0, instance:shree.com.appium.AppiumBasics@58d75e99]" started-at="2024-06-06T16:44:21 IST" name="tearDown" finished-at="2024-06-06T16:44:22 IST" duration-ms="1734" status="PASS">
          <reporter-output>
          </reporter-output>
        </test-method> <!-- tearDown -->
      </class> <!-- shree.com.appium.AppiumBasics -->
    </test> <!-- Default test -->
  </suite> <!-- Default suite -->
</testng-results>
